2017-11-09T12:33:15.656Z /usr/local/bin/node:Pacter:source/main.js:Pacter:debug: parser_return: |[ 1,
  { name: 'Pacter',
    version: '0.1.0',
    description: 'Universal meta-data interpreter/generator/converter for modern code-sharing conventions.',
    keywords: 'pacter universal meta data parser interpreter analyzer generator format converter package json manifest xml travis appveyor circle yaml yml toml makefile specification jsonic language system environment neutral agnostic modular portable extensible conventions code sharing management productivity manager standard abstraction open source libre free',
    organization: 'Canosw',
    homepage: 'https://citablesoftware.com/software/Pacter',
    license: '(MIT OR Apache-2.0)',
    language: 'javascript',
    author: 
     { name: 'Anadian',
       email: 'willanad@yandex.com',
       url: 'https://canosw.com',
       github: 'https://github.com/Anadian' },
    contributors: [ {} ],
    main: 'source/main.js',
    meta: 
     { readme: 'README.md',
       notice: 'NOTICE',
       makefile: 'Makefile',
       changes: 'CHANGES',
       gitignore: '.gitignore',
       bin: [],
       lib: [],
       man: [],
       travis: '.travis.yml',
       appveyor: 'appveyor.yml',
       circle: null },
    files: [],
    scripts: 
     { expand: 'make expand',
       prepare: 'make prepare',
       configure: 'make configure',
       build: 'make build',
       install: 'make install',
       test: 'make test',
       publish: 'make publish',
       misc: [] },
    repository: 
     { type: 'git',
       name: 'Anadian/Pacter',
       url: 'https://github.com/Anadian/Pacter.git' },
    node: { npm: [Object], pkg: [Object] },
    travis: 
     { travis_yml: '.travis.yml',
       language: [Array],
       branches: [Object],
       matrix: [Object],
       steps: [Object] },
    appveyor: 
     { appveyor_yml: 'appveyor.yml',
       image: [],
       environment: [Object],
       steps: [Object] },
    circle: 
     { config_yml: '.circleci/config.yml',
       version: null,
       jobs: [Array] },
    testcases: [ [Object] ] } ]
